<?xml version="1.0" encoding="UTF-8"?>
<!-- Generated by org.testng.reporters.JUnitReportReporter -->
<testsuite skipped="0" hostname="DESKTOP-0LCQ12L" name="com.ProjectTestNg.com.PriorityTest" tests="6" failures="0" timestamp="2021-09-24T19:00:03 IST" time="0.037" errors="0">
  <testcase name="Addwaterinthevessel" time="0.016" classname="com.ProjectTestNg.com.PriorityTest"/>
  <system-out/>
  <testcase name="SwitchontheGas" time="0.002" classname="com.ProjectTestNg.com.PriorityTest"/>
  <system-out/>
  <testcase name="addTeapowderinwaterinsideofvessel" time="0.003" classname="com.ProjectTestNg.com.PriorityTest"/>
  <system-out/>
  <testcase name="HeattheteapowderWater" time="0.003" classname="com.ProjectTestNg.com.PriorityTest"/>
  <system-out/>
  <testcase name="AddMilkintheTeaWater" time="0.009" classname="com.ProjectTestNg.com.PriorityTest"/>
  <system-out/>
  <testcase name="AddSugarasmuchyouwant" time="0.004" classname="com.ProjectTestNg.com.PriorityTest"/>
  <system-out/>
</testsuite> <!-- com.ProjectTestNg.com.PriorityTest -->
