<?xml version="1.0" encoding="UTF-8"?>
<!-- Generated by org.testng.reporters.JUnitReportReporter -->
<testsuite skipped="0" hostname="DESKTOP-0LCQ12L" name="com.ProjectTestNg.com.Employee_Test" tests="2" failures="0" timestamp="2021-09-24T14:02:51 IST" time="0.034" errors="0">
  <testcase name="empName" time="0.003" classname="com.ProjectTestNg.com.Employee_Test"/>
  <system-out/>
  <testcase name="empID" time="0.031" classname="com.ProjectTestNg.com.Employee_Test"/>
  <system-out/>
</testsuite> <!-- com.ProjectTestNg.com.Employee_Test -->
