<?xml version="1.0" encoding="UTF-8"?>
<!-- Generated by org.testng.reporters.JUnitReportReporter -->
<testsuite skipped="1" hostname="DESKTOP-0LCQ12L" name="com.ProjectTestNg.com.IgnoreTest" tests="3" failures="0" timestamp="2021-09-25T12:19:15 IST" time="0.012" errors="0">
  <testcase name="Red" time="0.001" classname="com.ProjectTestNg.com.IgnoreTest"/>
  <system-out/>
  <testcase name="Green" time="0.011" classname="com.ProjectTestNg.com.IgnoreTest"/>
  <system-out/>
  <testcase name="Yellow" classname="com.ProjectTestNg.com.IgnoreTest">
    <skipped/>
  </testcase> <!-- Yellow -->
  <system-out/>
</testsuite> <!-- com.ProjectTestNg.com.IgnoreTest -->
