<?xml version="1.0" encoding="UTF-8"?>
<!-- Generated by org.testng.reporters.JUnitReportReporter -->
<testsuite skipped="0" hostname="DESKTOP-0LCQ12L" name="com.ProjectTestNg.com.SimpleTest" tests="1" failures="0" timestamp="2021-09-24T14:17:37 IST" time="0.010" errors="0">
  <testcase name="searchMobile" time="0.010" classname="com.ProjectTestNg.com.SimpleTest"/>
  <system-out/>
</testsuite> <!-- com.ProjectTestNg.com.SimpleTest -->
