<?xml version="1.0" encoding="UTF-8"?>
<!-- Generated by org.testng.reporters.JUnitReportReporter -->
<testsuite skipped="0" hostname="DESKTOP-0LCQ12L" name="com.ProjectTestNg.com.DataProvider_Test" tests="3" failures="0" timestamp="2021-09-27T12:16:04 IST" time="0.015" errors="0">
  <testcase name="login" time="0.002" classname="com.ProjectTestNg.com.DataProvider_Test"/>
  <system-out/>
  <testcase name="login" time="0.010" classname="com.ProjectTestNg.com.DataProvider_Test"/>
  <system-out/>
  <testcase name="login" time="0.003" classname="com.ProjectTestNg.com.DataProvider_Test"/>
  <system-out/>
</testsuite> <!-- com.ProjectTestNg.com.DataProvider_Test -->
