<?xml version="1.0" encoding="UTF-8"?>
<!-- Generated by org.testng.reporters.JUnitReportReporter -->
<testsuite skipped="0" hostname="DESKTOP-0LCQ12L" name="com.ProjectTestNg.com.ParameterValues" tests="1" failures="0" timestamp="2021-09-27T12:03:09 IST" time="0.020" errors="0">
  <testcase name="Demo" time="0.020" classname="com.ProjectTestNg.com.ParameterValues"/>
  <system-out/>
</testsuite> <!-- com.ProjectTestNg.com.ParameterValues -->
