<?xml version="1.0" encoding="UTF-8"?>
<!-- Generated by org.testng.reporters.JUnitReportReporter -->
<testsuite skipped="0" hostname="DESKTOP-0LCQ12L" name="com.ProjectTestNg.com.TimeOutTest" tests="1" failures="0" timestamp="2021-09-27T11:42:46 IST" time="3.283" errors="0">
  <testcase name="lunchtheBrowser" time="3.283" classname="com.ProjectTestNg.com.TimeOutTest"/>
  <system-out/>
</testsuite> <!-- com.ProjectTestNg.com.TimeOutTest -->
