<?xml version="1.0" encoding="UTF-8"?>
<!-- Generated by org.testng.reporters.JUnitReportReporter -->
<testsuite skipped="0" hostname="DESKTOP-0LCQ12L" name="com.ProjectTestNg.com.DependencyTest" tests="4" failures="0" timestamp="2021-09-25T12:41:31 IST" time="0.032" errors="0">
  <testcase name="login" time="0.002" classname="com.ProjectTestNg.com.DependencyTest"/>
  <system-out/>
  <testcase name="url" time="0.002" classname="com.ProjectTestNg.com.DependencyTest"/>
  <system-out/>
  <testcase name="driverIntialization" time="0.003" classname="com.ProjectTestNg.com.DependencyTest"/>
  <system-out/>
  <testcase name="browserSetUp" time="0.025" classname="com.ProjectTestNg.com.DependencyTest"/>
  <system-out/>
</testsuite> <!-- com.ProjectTestNg.com.DependencyTest -->
