<?xml version="1.0" encoding="UTF-8"?>
<!-- Generated by org.testng.reporters.JUnitReportReporter -->
<testsuite skipped="0" hostname="DESKTOP-0LCQ12L" name="com.ProjectTestNg.com.GroupingTest" tests="5" failures="0" timestamp="2021-09-25T12:36:38 IST" time="0.020" errors="0">
  <testcase name="dell" time="0.011" classname="com.ProjectTestNg.com.GroupingTest"/>
  <system-out/>
  <testcase name="intel" time="0.002" classname="com.ProjectTestNg.com.GroupingTest"/>
  <system-out/>
  <testcase name="samsung" time="0.003" classname="com.ProjectTestNg.com.GroupingTest"/>
  <system-out/>
  <testcase name="hp" time="0.002" classname="com.ProjectTestNg.com.GroupingTest"/>
  <system-out/>
  <testcase name="samsungTab" time="0.002" classname="com.ProjectTestNg.com.GroupingTest"/>
  <system-out/>
</testsuite> <!-- com.ProjectTestNg.com.GroupingTest -->
