<?xml version="1.0" encoding="UTF-8"?>
<!-- Generated by org.testng.reporters.JUnitReportReporter -->
<testsuite skipped="0" hostname="DESKTOP-0LCQ12L" name="com.ProjectTestNg.com.ExceptionDemo" tests="1" failures="0" timestamp="2021-09-27T11:45:31 IST" time="0.009" errors="0">
  <testcase name="divide" time="0.009" classname="com.ProjectTestNg.com.ExceptionDemo"/>
  <system-out/>
</testsuite> <!-- com.ProjectTestNg.com.ExceptionDemo -->
