<?xml version="1.0" encoding="UTF-8"?>
<!-- Generated by org.testng.reporters.JUnitReportReporter -->
<testsuite skipped="0" hostname="DESKTOP-0LCQ12L" name="com.ProjectTestNg.com.InnvocationCount" tests="6" failures="0" timestamp="2021-09-27T11:37:35 IST" time="0.154" errors="0">
  <testcase name="userName" time="0.006" classname="com.ProjectTestNg.com.InnvocationCount"/>
  <system-out/>
  <testcase name="userName" time="0.004" classname="com.ProjectTestNg.com.InnvocationCount"/>
  <system-out/>
  <testcase name="userName" time="0.006" classname="com.ProjectTestNg.com.InnvocationCount"/>
  <system-out/>
  <testcase name="userName" time="0.003" classname="com.ProjectTestNg.com.InnvocationCount"/>
  <system-out/>
  <testcase name="userName" time="0.133" classname="com.ProjectTestNg.com.InnvocationCount"/>
  <system-out/>
  <testcase name="userName" time="0.002" classname="com.ProjectTestNg.com.InnvocationCount"/>
  <system-out/>
</testsuite> <!-- com.ProjectTestNg.com.InnvocationCount -->
